INFO (12.06.2024 17:02:37) : Выбираем браузер для запуска - FireFox  [driver.py] (Line: 57)
INFO (12.06.2024 17:02:37) : Запускаем браузер - FireFox  [driver.py] (Line: 48)
INFO (12.06.2024 17:02:45) : Задаем параметры браузера Browser  [driver.py] (Line: 27)
INFO (12.06.2024 17:02:45) : Инициализируем браузер Browser  [driver.py] (Line: 29)
INFO (12.06.2024 17:02:45) : Открываем в браузере страницу https://demoqa.com/  [conftest.py] (Line: 10)
INFO (12.06.2024 17:05:37) : 
Начинаем выполнение теста Test3Tables  [test_3_tables_demoqa.py] (Line: 12)
INFO (12.06.2024 17:05:37) : Инициализируем страницу MainPage  [base_page.py] (Line: 12)
INFO (12.06.2024 17:05:37) : Инициализируем страницу ElementsPage  [base_page.py] (Line: 12)
INFO (12.06.2024 17:05:37) : Проверяем, что страница MainPage открылась  [base_page.py] (Line: 18)
INFO (12.06.2024 17:05:37) : Кликаем на Section 'Elements'  [base_element.py] (Line: 28)
INFO (12.06.2024 17:05:37) : Ищем на странице элемент Section 'Elements'  [base_element.py] (Line: 14)
INFO (12.06.2024 17:05:37) : Кликаем на Menu item - Alerts  [base_element.py] (Line: 28)
INFO (12.06.2024 17:05:37) : Ищем на странице элемент Menu item - Alerts  [base_element.py] (Line: 14)
INFO (12.06.2024 17:05:37) : Проверяем видимость элемента Web tables form  [base_element.py] (Line: 24)
INFO (12.06.2024 17:05:37) : Ищем на странице элемент Web tables form  [base_element.py] (Line: 14)
INFO (12.06.2024 17:05:37) : Кликаем на Add button  [base_element.py] (Line: 28)
INFO (12.06.2024 17:05:37) : Ищем на странице элемент Add button  [base_element.py] (Line: 14)
INFO (12.06.2024 17:05:37) : Ожидаем, что элемент Registration form виден на странице  [base_element.py] (Line: 41)
INFO (12.06.2024 17:05:37) : Проверяем видимость элемента Registration form  [base_element.py] (Line: 24)
INFO (12.06.2024 17:05:37) : Ищем на странице элемент Registration form  [base_element.py] (Line: 14)
INFO (12.06.2024 17:05:37) : Очищаем форму First name input  [input_element.py] (Line: 10)
INFO (12.06.2024 17:05:37) : Ищем на странице элемент First name input  [base_element.py] (Line: 14)
INFO (12.06.2024 17:05:38) : Вводим в форму First name input: 'Jon'  [input_element.py] (Line: 12)
INFO (12.06.2024 17:05:38) : Ищем на странице элемент First name input  [base_element.py] (Line: 14)
INFO (12.06.2024 17:05:38) : Очищаем форму Last name input  [input_element.py] (Line: 10)
INFO (12.06.2024 17:05:38) : Ищем на странице элемент Last name input  [base_element.py] (Line: 14)
INFO (12.06.2024 17:05:38) : Вводим в форму Last name input: 'Snow'  [input_element.py] (Line: 12)
INFO (12.06.2024 17:05:38) : Ищем на странице элемент Last name input  [base_element.py] (Line: 14)
INFO (12.06.2024 17:05:38) : Очищаем форму Email input  [input_element.py] (Line: 10)
INFO (12.06.2024 17:05:38) : Ищем на странице элемент Email input  [base_element.py] (Line: 14)
INFO (12.06.2024 17:05:38) : Вводим в форму Email input: 'knownothing@gmail.com'  [input_element.py] (Line: 12)
INFO (12.06.2024 17:05:38) : Ищем на странице элемент Email input  [base_element.py] (Line: 14)
INFO (12.06.2024 17:05:38) : Очищаем форму Age input  [input_element.py] (Line: 10)
INFO (12.06.2024 17:05:38) : Ищем на странице элемент Age input  [base_element.py] (Line: 14)
INFO (12.06.2024 17:05:38) : Вводим в форму Age input: '30'  [input_element.py] (Line: 12)
INFO (12.06.2024 17:05:38) : Ищем на странице элемент Age input  [base_element.py] (Line: 14)
INFO (12.06.2024 17:05:38) : Очищаем форму Salary input  [input_element.py] (Line: 10)
INFO (12.06.2024 17:05:38) : Ищем на странице элемент Salary input  [base_element.py] (Line: 14)
INFO (12.06.2024 17:05:38) : Вводим в форму Salary input: '3000'  [input_element.py] (Line: 12)
INFO (12.06.2024 17:05:38) : Ищем на странице элемент Salary input  [base_element.py] (Line: 14)
INFO (12.06.2024 17:05:38) : Очищаем форму Department input  [input_element.py] (Line: 10)
INFO (12.06.2024 17:05:38) : Ищем на странице элемент Department input  [base_element.py] (Line: 14)
INFO (12.06.2024 17:05:38) : Вводим в форму Department input: 'alpha'  [input_element.py] (Line: 12)
INFO (12.06.2024 17:05:38) : Ищем на странице элемент Department input  [base_element.py] (Line: 14)
INFO (12.06.2024 17:05:38) : Отправляем заполненную форму нажатием на Submit button  [base_element.py] (Line: 32)
INFO (12.06.2024 17:05:38) : Ищем на странице элемент Submit button  [base_element.py] (Line: 14)
INFO (12.06.2024 17:05:38) : Ожидаем, что элемент Registration form не виден на странице  [base_element.py] (Line: 45)
INFO (12.06.2024 17:05:38) : Получаем значение атрибута class элемента Body html element  [base_element.py] (Line: 49)
INFO (12.06.2024 17:05:38) : Ищем на странице элемент Body html element  [base_element.py] (Line: 14)
INFO (12.06.2024 17:05:38) : Получаем список текста элементов Table cell  [base_element.py] (Line: 53)
INFO (12.06.2024 17:05:38) : Ищем на странице элементы Table cell  [base_element.py] (Line: 19)
INFO (12.06.2024 17:05:39) : Список текста элементов Table cell: ['Cierra', 'Vega', '39', 'cierra@example.com', '10000', 'Insurance', '', 'Alden', 'Cantrell', '45', 'alden@example.com', '12000', 'Compliance', '', 'Kierra', 'Gentry', '29', 'kierra@example.com', '2000', 'Legal', '', 'Jon', 'Snow', '30', 'knownothing@gmail.com', '3000', 'alpha', '', ' ', ' ', ' ', ' ', ' ', ' ', ' ', ' ', ' ', ' ', ' ', ' ', ' ', ' ', ' ', ' ', ' ', ' ', ' ', ' ', ' ', ' ', ' ', ' ', ' ', ' ', ' ', ' ', ' ', ' ', ' ', ' ', ' ', ' ', ' ', ' ', ' ', ' ', ' ', ' ', ' ', ' ']  [base_element.py] (Line: 57)
INFO (12.06.2024 17:05:39) : Ищем на странице элементы Delete btn user1  [base_element.py] (Line: 19)
INFO (12.06.2024 17:05:39) : Ищем на странице элементы Delete btn user1  [base_element.py] (Line: 19)
INFO (12.06.2024 17:05:39) : Ищем на странице элементы Delete btn user1  [base_element.py] (Line: 19)
INFO (12.06.2024 17:05:39) : Получаем список текста элементов Table cell  [base_element.py] (Line: 53)
INFO (12.06.2024 17:05:39) : Ищем на странице элементы Table cell  [base_element.py] (Line: 19)
INFO (12.06.2024 17:05:40) : Список текста элементов Table cell: ['Cierra', 'Vega', '39', 'cierra@example.com', '10000', 'Insurance', '', 'Alden', 'Cantrell', '45', 'alden@example.com', '12000', 'Compliance', '', 'Kierra', 'Gentry', '29', 'kierra@example.com', '2000', 'Legal', '', ' ', ' ', ' ', ' ', ' ', ' ', ' ', ' ', ' ', ' ', ' ', ' ', ' ', ' ', ' ', ' ', ' ', ' ', ' ', ' ', ' ', ' ', ' ', ' ', ' ', ' ', ' ', ' ', ' ', ' ', ' ', ' ', ' ', ' ', ' ', ' ', ' ', ' ', ' ', ' ', ' ', ' ', ' ', ' ', ' ', ' ', ' ', ' ', ' ']  [base_element.py] (Line: 57)
INFO (12.06.2024 17:05:40) : Выбираем браузер для запуска - FireFox  [driver.py] (Line: 57)
INFO (12.06.2024 17:05:40) : Закрываем браузер Browser  [driver.py] (Line: 33)
INFO (12.06.2024 17:05:42) : Обнуляем экземпляр браузер Browser  [driver.py] (Line: 35)
